<?xml version="1.0" encoding="UTF-8"?>
<testsuite name="mchat.MchatApplicationTests" tests="1" skipped="0" failures="0" errors="0" timestamp="2015-11-19T15:34:02" hostname="LIURLN" time="0.008">
  <properties/>
  <testcase name="contextLoads" classname="mchat.MchatApplicationTests" time="0.008"/>
  <system-out><![CDATA[22:33:59.918 [Test worker] DEBUG o.s.t.c.j.SpringJUnit4ClassRunner - SpringJUnit4ClassRunner constructor called with [class mchat.MchatApplicationTests]
22:33:59.921 [Test worker] DEBUG o.s.test.context.BootstrapUtils - Instantiating CacheAwareContextLoaderDelegate from class [org.springframework.test.context.cache.DefaultCacheAwareContextLoaderDelegate]
22:33:59.926 [Test worker] DEBUG o.s.test.context.BootstrapUtils - Instantiating BootstrapContext using constructor [public org.springframework.test.context.support.DefaultBootstrapContext(java.lang.Class,org.springframework.test.context.CacheAwareContextLoaderDelegate)]
22:33:59.936 [Test worker] DEBUG o.s.test.context.BootstrapUtils - Instantiating TestContextBootstrapper for test class [mchat.MchatApplicationTests] from class [org.springframework.test.context.web.WebTestContextBootstrapper]
22:33:59.953 [Test worker] DEBUG o.s.t.c.w.WebTestContextBootstrapper - Found explicit ContextLoader class [org.springframework.boot.test.SpringApplicationContextLoader] for context configuration attributes [ContextConfigurationAttributes@e89d9eb declaringClass = 'mchat.MchatApplicationTests', classes = '{class mchat.MchatApplication}', locations = '{}', inheritLocations = true, initializers = '{}', inheritInitializers = true, name = [null], contextLoaderClass = 'org.springframework.boot.test.SpringApplicationContextLoader']
22:33:59.959 [Test worker] DEBUG o.s.t.c.support.ActiveProfilesUtils - Could not find an 'annotation declaring class' for annotation type [org.springframework.test.context.ActiveProfiles] and class [mchat.MchatApplicationTests]
22:33:59.961 [Test worker] DEBUG o.s.t.c.w.WebTestContextBootstrapper - @TestExecutionListeners is not present for class [mchat.MchatApplicationTests]: using defaults.
22:33:59.972 [Test worker] INFO  o.s.t.c.w.WebTestContextBootstrapper - Loaded default TestExecutionListener class names from location [META-INF/spring.factories]: [org.springframework.test.context.web.ServletTestExecutionListener, org.springframework.test.context.support.DirtiesContextBeforeModesTestExecutionListener, org.springframework.test.context.support.DependencyInjectionTestExecutionListener, org.springframework.test.context.support.DirtiesContextTestExecutionListener, org.springframework.test.context.transaction.TransactionalTestExecutionListener, org.springframework.test.context.jdbc.SqlScriptsTestExecutionListener]
22:33:59.988 [Test worker] INFO  o.s.t.c.w.WebTestContextBootstrapper - Using TestExecutionListeners: [org.springframework.test.context.web.ServletTestExecutionListener@51ae7308, org.springframework.test.context.support.DirtiesContextBeforeModesTestExecutionListener@380e5943, org.springframework.test.context.support.DependencyInjectionTestExecutionListener@326913e9, org.springframework.test.context.support.DirtiesContextTestExecutionListener@5047852b, org.springframework.test.context.transaction.TransactionalTestExecutionListener@72d38a18, org.springframework.test.context.jdbc.SqlScriptsTestExecutionListener@38dd1140]
22:33:59.990 [Test worker] DEBUG o.s.t.annotation.ProfileValueUtils - Retrieved @ProfileValueSourceConfiguration [null] for test class [mchat.MchatApplicationTests]
22:33:59.991 [Test worker] DEBUG o.s.t.annotation.ProfileValueUtils - Retrieved ProfileValueSource type [class org.springframework.test.annotation.SystemProfileValueSource] for class [mchat.MchatApplicationTests]
22:33:59.992 [Test worker] DEBUG o.s.t.annotation.ProfileValueUtils - Retrieved @ProfileValueSourceConfiguration [null] for test class [mchat.MchatApplicationTests]
22:33:59.992 [Test worker] DEBUG o.s.t.annotation.ProfileValueUtils - Retrieved ProfileValueSource type [class org.springframework.test.annotation.SystemProfileValueSource] for class [mchat.MchatApplicationTests]
22:33:59.995 [Test worker] DEBUG o.s.t.c.s.AbstractDirtiesContextTestExecutionListener - Before test class: context [DefaultTestContext@4c24f551 testClass = MchatApplicationTests, testInstance = [null], testMethod = [null], testException = [null], mergedContextConfiguration = [WebMergedContextConfiguration@27c5aa0a testClass = MchatApplicationTests, locations = '{}', classes = '{class mchat.MchatApplication}', contextInitializerClasses = '[]', activeProfiles = '{}', propertySourceLocations = '{}', propertySourceProperties = '{}', resourceBasePath = 'src/main/webapp', contextLoader = 'org.springframework.boot.test.SpringApplicationContextLoader', parent = [null]]], class annotated with @DirtiesContext [false] with mode [null].
22:33:59.996 [Test worker] DEBUG o.s.t.annotation.ProfileValueUtils - Retrieved @ProfileValueSourceConfiguration [null] for test class [mchat.MchatApplicationTests]
22:33:59.996 [Test worker] DEBUG o.s.t.annotation.ProfileValueUtils - Retrieved ProfileValueSource type [class org.springframework.test.annotation.SystemProfileValueSource] for class [mchat.MchatApplicationTests]
22:34:00.070 [Test worker] DEBUG o.s.core.env.StandardEnvironment - Adding [systemProperties] PropertySource with lowest search precedence
22:34:00.071 [Test worker] DEBUG o.s.core.env.StandardEnvironment - Adding [systemEnvironment] PropertySource with lowest search precedence
22:34:00.072 [Test worker] DEBUG o.s.core.env.StandardEnvironment - Initialized StandardEnvironment with PropertySources [systemProperties,systemEnvironment]
22:34:00.073 [Test worker] DEBUG o.s.core.env.StandardEnvironment - Adding [integrationTest] PropertySource with search precedence immediately lower than [systemEnvironment]

  .   ____          _            __ _ _
 /\\ / ___'_ __ _ _(_)_ __  __ _ \ \ \ \
( ( )\___ | '_ | '_| | '_ \/ _` | \ \ \ \
 \\/  ___)| |_)| | | | | || (_| |  ) ) ) )
  '  |____| .__|_| |_|_| |_\__, | / / / /
 =========|_|==============|___/=/_/_/_/
 :: Spring Boot ::        (v1.2.7.RELEASE)

2015-11-19 22:34:00.239  INFO 14440 --- [    Test worker] mchat.MchatApplicationTests              : Starting MchatApplicationTests on LIURLN with PID 14440 (C:\Users\LIURLNs\workspace\mchat\build\classes\test started by LIURLNs in C:\Users\LIURLNs\workspace\mchat)
2015-11-19 22:34:00.295  INFO 14440 --- [    Test worker] o.s.w.c.s.GenericWebApplicationContext   : Refreshing org.springframework.web.context.support.GenericWebApplicationContext@5d66e6fd: startup date [Thu Nov 19 22:34:00 GMT+07:00 2015]; root of context hierarchy
2015-11-19 22:34:00.912  INFO 14440 --- [    Test worker] o.s.b.f.s.DefaultListableBeanFactory     : Overriding bean definition for bean 'beanNameViewResolver': replacing [Root bean: class [null]; scope=; abstract=false; lazyInit=false; autowireMode=3; dependencyCheck=0; autowireCandidate=true; primary=false; factoryBeanName=org.springframework.boot.autoconfigure.web.ErrorMvcAutoConfiguration$WhitelabelErrorViewConfiguration; factoryMethodName=beanNameViewResolver; initMethodName=null; destroyMethodName=(inferred); defined in class path resource [org/springframework/boot/autoconfigure/web/ErrorMvcAutoConfiguration$WhitelabelErrorViewConfiguration.class]] with [Root bean: class [null]; scope=; abstract=false; lazyInit=false; autowireMode=3; dependencyCheck=0; autowireCandidate=true; primary=false; factoryBeanName=org.springframework.boot.autoconfigure.web.WebMvcAutoConfiguration$WebMvcAutoConfigurationAdapter; factoryMethodName=beanNameViewResolver; initMethodName=null; destroyMethodName=(inferred); defined in class path resource [org/springframework/boot/autoconfigure/web/WebMvcAutoConfiguration$WebMvcAutoConfigurationAdapter.class]]
2015-11-19 22:34:01.365  INFO 14440 --- [    Test worker] trationDelegate$BeanPostProcessorChecker : Bean 'org.springframework.transaction.annotation.ProxyTransactionManagementConfiguration' of type [class org.springframework.transaction.annotation.ProxyTransactionManagementConfiguration$$EnhancerBySpringCGLIB$$f5a43b29] is not eligible for getting processed by all BeanPostProcessors (for example: not eligible for auto-proxying)
2015-11-19 22:34:01.388  INFO 14440 --- [    Test worker] trationDelegate$BeanPostProcessorChecker : Bean 'transactionAttributeSource' of type [class org.springframework.transaction.annotation.AnnotationTransactionAttributeSource] is not eligible for getting processed by all BeanPostProcessors (for example: not eligible for auto-proxying)
2015-11-19 22:34:01.397  INFO 14440 --- [    Test worker] trationDelegate$BeanPostProcessorChecker : Bean 'transactionInterceptor' of type [class org.springframework.transaction.interceptor.TransactionInterceptor] is not eligible for getting processed by all BeanPostProcessors (for example: not eligible for auto-proxying)
2015-11-19 22:34:01.403  INFO 14440 --- [    Test worker] trationDelegate$BeanPostProcessorChecker : Bean 'org.springframework.transaction.config.internalTransactionAdvisor' of type [class org.springframework.transaction.interceptor.BeanFactoryTransactionAttributeSourceAdvisor] is not eligible for getting processed by all BeanPostProcessors (for example: not eligible for auto-proxying)
2015-11-19 22:34:02.138  INFO 14440 --- [    Test worker] s.w.s.m.m.a.RequestMappingHandlerAdapter : Looking for @ControllerAdvice: org.springframework.web.context.support.GenericWebApplicationContext@5d66e6fd: startup date [Thu Nov 19 22:34:00 GMT+07:00 2015]; root of context hierarchy
2015-11-19 22:34:02.196  INFO 14440 --- [    Test worker] s.w.s.m.m.a.RequestMappingHandlerMapping : Mapped "{[/regis/{email}/{username}/{name}/{pass}],methods=[GET]}" onto public java.lang.String mchat.Controller.register(java.lang.String,java.lang.String,java.lang.String,java.lang.String) throws org.json.JSONException
2015-11-19 22:34:02.196  INFO 14440 --- [    Test worker] s.w.s.m.m.a.RequestMappingHandlerMapping : Mapped "{[/login/{username}/{pass}],methods=[GET]}" onto public java.lang.String mchat.Controller.login(java.lang.String,java.lang.String) throws org.json.JSONException
2015-11-19 22:34:02.197  INFO 14440 --- [    Test worker] s.w.s.m.m.a.RequestMappingHandlerMapping : Mapped "{[/getfriend/{userid}],methods=[GET]}" onto public java.lang.String mchat.Controller.getFriendList(int) throws org.json.JSONException
2015-11-19 22:34:02.197  INFO 14440 --- [    Test worker] s.w.s.m.m.a.RequestMappingHandlerMapping : Mapped "{[/sendmessage/{userid1}/{userid2}/{message}],methods=[GET]}" onto public java.lang.String mchat.Controller.sendMessage(int,int,java.lang.String) throws org.json.JSONException
2015-11-19 22:34:02.197  INFO 14440 --- [    Test worker] s.w.s.m.m.a.RequestMappingHandlerMapping : Mapped "{[/rejectfriend/{userid1}/{userid2}],methods=[GET]}" onto public java.lang.String mchat.Controller.rejectFriend(int,int) throws org.json.JSONException
2015-11-19 22:34:02.197  INFO 14440 --- [    Test worker] s.w.s.m.m.a.RequestMappingHandlerMapping : Mapped "{[/loadmessage/{userid1}/{userid2}/{msgid}],methods=[GET]}" onto public java.lang.String mchat.Controller.loadMessage(int,int,int) throws org.json.JSONException
2015-11-19 22:34:02.197  INFO 14440 --- [    Test worker] s.w.s.m.m.a.RequestMappingHandlerMapping : Mapped "{[/edit/{id}/{name}/{email}],methods=[GET]}" onto public java.lang.String mchat.Controller.editUser(int,java.lang.String,java.lang.String) throws org.json.JSONException
2015-11-19 22:34:02.198  INFO 14440 --- [    Test worker] s.w.s.m.m.a.RequestMappingHandlerMapping : Mapped "{[/addfriend/{userid1}/{userid2}],methods=[GET]}" onto public java.lang.String mchat.Controller.addFriend(int,int) throws org.json.JSONException
2015-11-19 22:34:02.198  INFO 14440 --- [    Test worker] s.w.s.m.m.a.RequestMappingHandlerMapping : Mapped "{[/acceptfriend/{userid1}/{userid2}],methods=[GET]}" onto public java.lang.String mchat.Controller.acceptFriend(int,int) throws org.json.JSONException
2015-11-19 22:34:02.198  INFO 14440 --- [    Test worker] s.w.s.m.m.a.RequestMappingHandlerMapping : Mapped "{[/forgot/{email}],methods=[GET]}" onto public java.lang.String mchat.Controller.forgotPassword(java.lang.String) throws javax.mail.MessagingException,org.json.JSONException
2015-11-19 22:34:02.198  INFO 14440 --- [    Test worker] s.w.s.m.m.a.RequestMappingHandlerMapping : Mapped "{[/loadmarked/{userid1}/{userid2}],methods=[GET]}" onto public java.lang.String mchat.Controller.getMarked(int,int) throws org.json.JSONException
2015-11-19 22:34:02.198  INFO 14440 --- [    Test worker] s.w.s.m.m.a.RequestMappingHandlerMapping : Mapped "{[/togglemarked/{id}],methods=[GET]}" onto public java.lang.String mchat.Controller.toggleMarked(int) throws org.json.JSONException
2015-11-19 22:34:02.200  INFO 14440 --- [    Test worker] s.w.s.m.m.a.RequestMappingHandlerMapping : Mapped "{[/error]}" onto public org.springframework.http.ResponseEntity<java.util.Map<java.lang.String, java.lang.Object>> org.springframework.boot.autoconfigure.web.BasicErrorController.error(javax.servlet.http.HttpServletRequest)
2015-11-19 22:34:02.200  INFO 14440 --- [    Test worker] s.w.s.m.m.a.RequestMappingHandlerMapping : Mapped "{[/error],produces=[text/html]}" onto public org.springframework.web.servlet.ModelAndView org.springframework.boot.autoconfigure.web.BasicErrorController.errorHtml(javax.servlet.http.HttpServletRequest)
2015-11-19 22:34:02.227  INFO 14440 --- [    Test worker] o.s.w.s.handler.SimpleUrlHandlerMapping  : Mapped URL path [/webjars/**] onto handler of type [class org.springframework.web.servlet.resource.ResourceHttpRequestHandler]
2015-11-19 22:34:02.227  INFO 14440 --- [    Test worker] o.s.w.s.handler.SimpleUrlHandlerMapping  : Mapped URL path [/**] onto handler of type [class org.springframework.web.servlet.resource.ResourceHttpRequestHandler]
2015-11-19 22:34:02.267  INFO 14440 --- [    Test worker] o.s.w.s.handler.SimpleUrlHandlerMapping  : Mapped URL path [/**/favicon.ico] onto handler of type [class org.springframework.web.servlet.resource.ResourceHttpRequestHandler]
2015-11-19 22:34:02.847  INFO 14440 --- [    Test worker] o.s.b.a.e.mvc.EndpointHandlerMapping     : Mapped "{[/mappings],methods=[GET]}" onto public java.lang.Object org.springframework.boot.actuate.endpoint.mvc.EndpointMvcAdapter.invoke()
2015-11-19 22:34:02.848  INFO 14440 --- [    Test worker] o.s.b.a.e.mvc.EndpointHandlerMapping     : Mapped "{[/env/{name:.*}],methods=[GET]}" onto public java.lang.Object org.springframework.boot.actuate.endpoint.mvc.EnvironmentMvcEndpoint.value(java.lang.String)
2015-11-19 22:34:02.848  INFO 14440 --- [    Test worker] o.s.b.a.e.mvc.EndpointHandlerMapping     : Mapped "{[/env],methods=[GET]}" onto public java.lang.Object org.springframework.boot.actuate.endpoint.mvc.EndpointMvcAdapter.invoke()
2015-11-19 22:34:02.848  INFO 14440 --- [    Test worker] o.s.b.a.e.mvc.EndpointHandlerMapping     : Mapped "{[/beans],methods=[GET]}" onto public java.lang.Object org.springframework.boot.actuate.endpoint.mvc.EndpointMvcAdapter.invoke()
2015-11-19 22:34:02.848  INFO 14440 --- [    Test worker] o.s.b.a.e.mvc.EndpointHandlerMapping     : Mapped "{[/autoconfig],methods=[GET]}" onto public java.lang.Object org.springframework.boot.actuate.endpoint.mvc.EndpointMvcAdapter.invoke()
2015-11-19 22:34:02.849  INFO 14440 --- [    Test worker] o.s.b.a.e.mvc.EndpointHandlerMapping     : Mapped "{[/health]}" onto public java.lang.Object org.springframework.boot.actuate.endpoint.mvc.HealthMvcEndpoint.invoke(java.security.Principal)
2015-11-19 22:34:02.849  INFO 14440 --- [    Test worker] o.s.b.a.e.mvc.EndpointHandlerMapping     : Mapped "{[/dump],methods=[GET]}" onto public java.lang.Object org.springframework.boot.actuate.endpoint.mvc.EndpointMvcAdapter.invoke()
2015-11-19 22:34:02.850  INFO 14440 --- [    Test worker] o.s.b.a.e.mvc.EndpointHandlerMapping     : Mapped "{[/configprops],methods=[GET]}" onto public java.lang.Object org.springframework.boot.actuate.endpoint.mvc.EndpointMvcAdapter.invoke()
2015-11-19 22:34:02.850  INFO 14440 --- [    Test worker] o.s.b.a.e.mvc.EndpointHandlerMapping     : Mapped "{[/metrics/{name:.*}],methods=[GET]}" onto public java.lang.Object org.springframework.boot.actuate.endpoint.mvc.MetricsMvcEndpoint.value(java.lang.String)
2015-11-19 22:34:02.850  INFO 14440 --- [    Test worker] o.s.b.a.e.mvc.EndpointHandlerMapping     : Mapped "{[/metrics],methods=[GET]}" onto public java.lang.Object org.springframework.boot.actuate.endpoint.mvc.EndpointMvcAdapter.invoke()
2015-11-19 22:34:02.850  INFO 14440 --- [    Test worker] o.s.b.a.e.mvc.EndpointHandlerMapping     : Mapped "{[/trace],methods=[GET]}" onto public java.lang.Object org.springframework.boot.actuate.endpoint.mvc.EndpointMvcAdapter.invoke()
2015-11-19 22:34:02.850  INFO 14440 --- [    Test worker] o.s.b.a.e.mvc.EndpointHandlerMapping     : Mapped "{[/info],methods=[GET]}" onto public java.lang.Object org.springframework.boot.actuate.endpoint.mvc.EndpointMvcAdapter.invoke()
2015-11-19 22:34:02.929  INFO 14440 --- [    Test worker] mchat.MchatApplicationTests              : Started MchatApplicationTests in 2.846 seconds (JVM running for 3.606)
]]></system-out>
  <system-err><![CDATA[]]></system-err>
</testsuite>
